# Logfile created on 2014-03-13 09:44:24 +0000 by logger.rb/44203
I, [2014-03-13T09:44:24.404238 #2649]  INFO -- : 0:  rake (10.1.1) from /usr/local/rvm/gems/ruby-2.1.0/specifications/rake-10.1.1.gemspec
I, [2014-03-13T09:44:24.405526 #2649]  INFO -- : 0:  i18n (0.6.9) from /usr/local/rvm/gems/ruby-2.1.0@global/specifications/i18n-0.6.9.gemspec
E, [2014-03-13T09:44:24.407404 #2649] ERROR -- : Bundler::GemNotFound: Could not find minitest-4.7.5.gem for installation
/usr/local/rvm/gems/ruby-2.1.0@global/gems/bundler-1.5.0/lib/bundler/source/rubygems.rb:149:in `cached_gem'  \n/usr/local/rvm/gems/ruby-2.1.0@global/gems/bundler-1.5.0/lib/bundler/source/rubygems.rb:84:in `install'  \n/usr/local/rvm/gems/ruby-2.1.0@global/gems/bundler-1.5.0/lib/bundler/installer.rb:111:in `block in install_gem_from_spec'  \n/usr/local/rvm/gems/ruby-2.1.0@global/gems/bundler-1.5.0/lib/bundler/rubygems_integration.rb:150:in `with_build_args'  \n/usr/local/rvm/gems/ruby-2.1.0@global/gems/bundler-1.5.0/lib/bundler/installer.rb:110:in `install_gem_from_spec'  \n/usr/local/rvm/gems/ruby-2.1.0@global/gems/bundler-1.5.0/lib/bundler/installer.rb:295:in `block in install_sequentially'  \n/usr/local/rvm/rubies/ruby-2.1.0/lib/ruby/2.1.0/forwardable.rb:183:in `each'  \n/usr/local/rvm/rubies/ruby-2.1.0/lib/ruby/2.1.0/forwardable.rb:183:in `each'  \n/usr/local/rvm/gems/ruby-2.1.0@global/gems/bundler-1.5.0/lib/bundler/installer.rb:294:in `install_sequentially'  \n/usr/local/rvm/gems/ruby-2.1.0@global/gems/bundler-1.5.0/lib/bundler/installer.rb:97:in `run'  \n/usr/local/rvm/gems/ruby-2.1.0@global/gems/bundler-1.5.0/lib/bundler/installer.rb:15:in `install'  \n/usr/local/rvm/gems/ruby-2.1.0@global/gems/bundler-1.5.0/lib/bundler/cli.rb:257:in `install'  \n/usr/local/rvm/gems/ruby-2.1.0@global/gems/bundler-1.5.0/lib/bundler/vendor/thor/command.rb:27:in `run'  \n/usr/local/rvm/gems/ruby-2.1.0@global/gems/bundler-1.5.0/lib/bundler/vendor/thor/invocation.rb:120:in `invoke_command'  \n/usr/local/rvm/gems/ruby-2.1.0@global/gems/bundler-1.5.0/lib/bundler/vendor/thor.rb:363:in `dispatch'  \n/usr/local/rvm/gems/ruby-2.1.0@global/gems/bundler-1.5.0/lib/bundler/vendor/thor/base.rb:438:in `start'  \n/usr/local/rvm/gems/ruby-2.1.0@global/gems/bundler-1.5.0/lib/bundler/cli.rb:10:in `start'  \n/usr/local/rvm/gems/ruby-2.1.0@global/gems/bundler-1.5.0/bin/bundle:22:in `block in <top (required)>'  \n/usr/local/rvm/gems/ruby-2.1.0@global/gems/bundler-1.5.0/lib/bundler/friendly_errors.rb:5:in `with_friendly_errors'  \n/usr/local/rvm/gems/ruby-2.1.0@global/gems/bundler-1.5.0/bin/bundle:22:in `<top (required)>'  \n/usr/local/rvm/gems/ruby-2.1.0@global/bin/bundle:23:in `load'  \n/usr/local/rvm/gems/ruby-2.1.0@global/bin/bundle:23:in `<main>'  \n/usr/local/rvm/gems/ruby-2.1.0@global/bin/ruby_executable_hooks:15:in `eval'  \n/usr/local/rvm/gems/ruby-2.1.0@global/bin/ruby_executable_hooks:15:in `<main>'
I, [2014-03-13T10:01:21.456332 #2676]  INFO -- : 0:  rake (10.1.1) from /usr/local/rvm/gems/ruby-2.1.0/specifications/rake-10.1.1.gemspec
I, [2014-03-13T10:01:21.457546 #2676]  INFO -- : 0:  i18n (0.6.9) from /usr/local/rvm/gems/ruby-2.1.0@global/specifications/i18n-0.6.9.gemspec
E, [2014-03-13T10:01:21.459387 #2676] ERROR -- : Bundler::GemNotFound: Could not find minitest-4.7.5.gem for installation
/usr/local/rvm/gems/ruby-2.1.0@global/gems/bundler-1.5.0/lib/bundler/source/rubygems.rb:149:in `cached_gem'  \n/usr/local/rvm/gems/ruby-2.1.0@global/gems/bundler-1.5.0/lib/bundler/source/rubygems.rb:84:in `install'  \n/usr/local/rvm/gems/ruby-2.1.0@global/gems/bundler-1.5.0/lib/bundler/installer.rb:111:in `block in install_gem_from_spec'  \n/usr/local/rvm/gems/ruby-2.1.0@global/gems/bundler-1.5.0/lib/bundler/rubygems_integration.rb:150:in `with_build_args'  \n/usr/local/rvm/gems/ruby-2.1.0@global/gems/bundler-1.5.0/lib/bundler/installer.rb:110:in `install_gem_from_spec'  \n/usr/local/rvm/gems/ruby-2.1.0@global/gems/bundler-1.5.0/lib/bundler/installer.rb:295:in `block in install_sequentially'  \n/usr/local/rvm/rubies/ruby-2.1.0/lib/ruby/2.1.0/forwardable.rb:183:in `each'  \n/usr/local/rvm/rubies/ruby-2.1.0/lib/ruby/2.1.0/forwardable.rb:183:in `each'  \n/usr/local/rvm/gems/ruby-2.1.0@global/gems/bundler-1.5.0/lib/bundler/installer.rb:294:in `install_sequentially'  \n/usr/local/rvm/gems/ruby-2.1.0@global/gems/bundler-1.5.0/lib/bundler/installer.rb:97:in `run'  \n/usr/local/rvm/gems/ruby-2.1.0@global/gems/bundler-1.5.0/lib/bundler/installer.rb:15:in `install'  \n/usr/local/rvm/gems/ruby-2.1.0@global/gems/bundler-1.5.0/lib/bundler/cli.rb:257:in `install'  \n/usr/local/rvm/gems/ruby-2.1.0@global/gems/bundler-1.5.0/lib/bundler/vendor/thor/command.rb:27:in `run'  \n/usr/local/rvm/gems/ruby-2.1.0@global/gems/bundler-1.5.0/lib/bundler/vendor/thor/invocation.rb:120:in `invoke_command'  \n/usr/local/rvm/gems/ruby-2.1.0@global/gems/bundler-1.5.0/lib/bundler/vendor/thor.rb:363:in `dispatch'  \n/usr/local/rvm/gems/ruby-2.1.0@global/gems/bundler-1.5.0/lib/bundler/vendor/thor/base.rb:438:in `start'  \n/usr/local/rvm/gems/ruby-2.1.0@global/gems/bundler-1.5.0/lib/bundler/cli.rb:10:in `start'  \n/usr/local/rvm/gems/ruby-2.1.0@global/gems/bundler-1.5.0/bin/bundle:22:in `block in <top (required)>'  \n/usr/local/rvm/gems/ruby-2.1.0@global/gems/bundler-1.5.0/lib/bundler/friendly_errors.rb:5:in `with_friendly_errors'  \n/usr/local/rvm/gems/ruby-2.1.0@global/gems/bundler-1.5.0/bin/bundle:22:in `<top (required)>'  \n/usr/local/rvm/gems/ruby-2.1.0@global/bin/bundle:23:in `load'  \n/usr/local/rvm/gems/ruby-2.1.0@global/bin/bundle:23:in `<main>'  \n/usr/local/rvm/gems/ruby-2.1.0@global/bin/ruby_executable_hooks:15:in `eval'  \n/usr/local/rvm/gems/ruby-2.1.0@global/bin/ruby_executable_hooks:15:in `<main>'
I, [2014-03-13T10:01:46.314312 #2681]  INFO -- : 0:  rake (10.1.1) from /usr/local/rvm/gems/ruby-2.1.0/specifications/rake-10.1.1.gemspec
I, [2014-03-13T10:01:46.315471 #2681]  INFO -- : 0:  i18n (0.6.9) from /usr/local/rvm/gems/ruby-2.1.0@global/specifications/i18n-0.6.9.gemspec
E, [2014-03-13T10:01:46.317107 #2681] ERROR -- : Bundler::GemNotFound: Could not find minitest-4.7.5.gem for installation
/usr/local/rvm/gems/ruby-2.1.0@global/gems/bundler-1.5.0/lib/bundler/source/rubygems.rb:149:in `cached_gem'  \n/usr/local/rvm/gems/ruby-2.1.0@global/gems/bundler-1.5.0/lib/bundler/source/rubygems.rb:84:in `install'  \n/usr/local/rvm/gems/ruby-2.1.0@global/gems/bundler-1.5.0/lib/bundler/installer.rb:111:in `block in install_gem_from_spec'  \n/usr/local/rvm/gems/ruby-2.1.0@global/gems/bundler-1.5.0/lib/bundler/rubygems_integration.rb:150:in `with_build_args'  \n/usr/local/rvm/gems/ruby-2.1.0@global/gems/bundler-1.5.0/lib/bundler/installer.rb:110:in `install_gem_from_spec'  \n/usr/local/rvm/gems/ruby-2.1.0@global/gems/bundler-1.5.0/lib/bundler/installer.rb:295:in `block in install_sequentially'  \n/usr/local/rvm/rubies/ruby-2.1.0/lib/ruby/2.1.0/forwardable.rb:183:in `each'  \n/usr/local/rvm/rubies/ruby-2.1.0/lib/ruby/2.1.0/forwardable.rb:183:in `each'  \n/usr/local/rvm/gems/ruby-2.1.0@global/gems/bundler-1.5.0/lib/bundler/installer.rb:294:in `install_sequentially'  \n/usr/local/rvm/gems/ruby-2.1.0@global/gems/bundler-1.5.0/lib/bundler/installer.rb:97:in `run'  \n/usr/local/rvm/gems/ruby-2.1.0@global/gems/bundler-1.5.0/lib/bundler/installer.rb:15:in `install'  \n/usr/local/rvm/gems/ruby-2.1.0@global/gems/bundler-1.5.0/lib/bundler/cli.rb:257:in `install'  \n/usr/local/rvm/gems/ruby-2.1.0@global/gems/bundler-1.5.0/lib/bundler/vendor/thor/command.rb:27:in `run'  \n/usr/local/rvm/gems/ruby-2.1.0@global/gems/bundler-1.5.0/lib/bundler/vendor/thor/invocation.rb:120:in `invoke_command'  \n/usr/local/rvm/gems/ruby-2.1.0@global/gems/bundler-1.5.0/lib/bundler/vendor/thor.rb:363:in `dispatch'  \n/usr/local/rvm/gems/ruby-2.1.0@global/gems/bundler-1.5.0/lib/bundler/vendor/thor/base.rb:438:in `start'  \n/usr/local/rvm/gems/ruby-2.1.0@global/gems/bundler-1.5.0/lib/bundler/cli.rb:10:in `start'  \n/usr/local/rvm/gems/ruby-2.1.0@global/gems/bundler-1.5.0/bin/bundle:22:in `block in <top (required)>'  \n/usr/local/rvm/gems/ruby-2.1.0@global/gems/bundler-1.5.0/lib/bundler/friendly_errors.rb:5:in `with_friendly_errors'  \n/usr/local/rvm/gems/ruby-2.1.0@global/gems/bundler-1.5.0/bin/bundle:22:in `<top (required)>'  \n/usr/local/rvm/gems/ruby-2.1.0@global/bin/bundle:23:in `load'  \n/usr/local/rvm/gems/ruby-2.1.0@global/bin/bundle:23:in `<main>'  \n/usr/local/rvm/gems/ruby-2.1.0@global/bin/ruby_executable_hooks:15:in `eval'  \n/usr/local/rvm/gems/ruby-2.1.0@global/bin/ruby_executable_hooks:15:in `<main>'
I, [2014-03-13T10:02:45.153059 #2692]  INFO -- : 0:  rake (10.1.1) from /usr/local/rvm/gems/ruby-2.1.0/specifications/rake-10.1.1.gemspec
I, [2014-03-13T10:02:45.154173 #2692]  INFO -- : 0:  i18n (0.6.9) from /usr/local/rvm/gems/ruby-2.1.0@global/specifications/i18n-0.6.9.gemspec
I, [2014-03-13T10:02:45.155205 #2692]  INFO -- : 0:  minitest (4.7.5) from /usr/local/rvm/rubies/ruby-2.1.0/lib/ruby/gems/2.1.0/specifications/default/minitest-4.7.5.gemspec
I, [2014-03-13T10:02:45.156175 #2692]  INFO -- : 0:  multi_json (1.9.0) from /usr/local/rvm/gems/ruby-2.1.0@global/specifications/multi_json-1.9.0.gemspec
I, [2014-03-13T10:02:45.157260 #2692]  INFO -- : 0:  atomic (1.1.15) from /usr/local/rvm/gems/ruby-2.1.0@global/specifications/atomic-1.1.15.gemspec
I, [2014-03-13T10:02:45.158244 #2692]  INFO -- : 0:  thread_safe (0.2.0) from /usr/local/rvm/gems/ruby-2.1.0@global/specifications/thread_safe-0.2.0.gemspec
I, [2014-03-13T10:02:45.159059 #2692]  INFO -- : 0:  tzinfo (0.3.39) from /usr/local/rvm/gems/ruby-2.1.0@global/specifications/tzinfo-0.3.39.gemspec
I, [2014-03-13T10:02:45.159907 #2692]  INFO -- : 0:  activesupport (4.0.3) from /usr/local/rvm/gems/ruby-2.1.0@global/specifications/activesupport-4.0.3.gemspec
I, [2014-03-13T10:02:45.160979 #2692]  INFO -- : 0:  builder (3.1.4) from /usr/local/rvm/gems/ruby-2.1.0@global/specifications/builder-3.1.4.gemspec
I, [2014-03-13T10:02:45.162079 #2692]  INFO -- : 0:  erubis (2.7.0) from /usr/local/rvm/gems/ruby-2.1.0@global/specifications/erubis-2.7.0.gemspec
I, [2014-03-13T10:02:45.163081 #2692]  INFO -- : 0:  rack (1.5.2) from /usr/local/rvm/gems/ruby-2.1.0@global/specifications/rack-1.5.2.gemspec
I, [2014-03-13T10:02:45.163993 #2692]  INFO -- : 0:  rack-test (0.6.2) from /usr/local/rvm/gems/ruby-2.1.0@global/specifications/rack-test-0.6.2.gemspec
I, [2014-03-13T10:02:45.164957 #2692]  INFO -- : 0:  actionpack (4.0.3) from /usr/local/rvm/gems/ruby-2.1.0@global/specifications/actionpack-4.0.3.gemspec
I, [2014-03-13T10:02:45.165886 #2692]  INFO -- : 0:  mime-types (1.25.1) from /usr/local/rvm/gems/ruby-2.1.0@global/specifications/mime-types-1.25.1.gemspec
I, [2014-03-13T10:02:45.166589 #2692]  INFO -- : 0:  polyglot (0.3.4) from /usr/local/rvm/gems/ruby-2.1.0@global/specifications/polyglot-0.3.4.gemspec
I, [2014-03-13T10:02:45.167451 #2692]  INFO -- : 0:  treetop (1.4.15) from /usr/local/rvm/gems/ruby-2.1.0@global/specifications/treetop-1.4.15.gemspec
I, [2014-03-13T10:02:45.168354 #2692]  INFO -- : 0:  mail (2.5.4) from /usr/local/rvm/gems/ruby-2.1.0@global/specifications/mail-2.5.4.gemspec
I, [2014-03-13T10:02:45.169430 #2692]  INFO -- : 0:  actionmailer (4.0.3) from /usr/local/rvm/gems/ruby-2.1.0@global/specifications/actionmailer-4.0.3.gemspec
I, [2014-03-13T10:02:45.172596 #2692]  INFO -- : 0:  activemodel (4.0.3) from /usr/local/rvm/gems/ruby-2.1.0@global/specifications/activemodel-4.0.3.gemspec
I, [2014-03-13T10:02:45.174018 #2692]  INFO -- : 0:  activerecord-deprecated_finders (1.0.3) from /usr/local/rvm/gems/ruby-2.1.0@global/specifications/activerecord-deprecated_finders-1.0.3.gemspec
I, [2014-03-13T10:02:45.175103 #2692]  INFO -- : 0:  arel (4.0.2) from /usr/local/rvm/gems/ruby-2.1.0@global/specifications/arel-4.0.2.gemspec
I, [2014-03-13T10:02:45.175987 #2692]  INFO -- : 0:  activerecord (4.0.3) from /usr/local/rvm/gems/ruby-2.1.0@global/specifications/activerecord-4.0.3.gemspec
E, [2014-03-13T10:02:51.310183 #2692] ERROR -- : Gem::FilePermissionError: You don't have write permissions for the /usr/local/rvm/gems/ruby-2.1.0/bin directory.
/usr/local/rvm/gems/ruby-2.1.0@global/gems/executable-hooks-1.2.6/lib/executable-hooks/wrapper.rb:50:in `install_from'  \n/usr/local/rvm/gems/ruby-2.1.0@global/gems/executable-hooks-1.2.6/lib/executable-hooks/wrapper.rb:40:in `install'  \n/usr/local/rvm/gems/ruby-2.1.0@global/gems/executable-hooks-1.2.6/lib/rubygems_plugin.rb:16:in `block in <top (required)>'  \n/usr/local/rvm/rubies/ruby-2.1.0/lib/ruby/site_ruby/2.1.0/rubygems/installer.rb:257:in `call'  \n/usr/local/rvm/rubies/ruby-2.1.0/lib/ruby/site_ruby/2.1.0/rubygems/installer.rb:257:in `block in run_pre_install_hooks'  \n/usr/local/rvm/rubies/ruby-2.1.0/lib/ruby/site_ruby/2.1.0/rubygems/installer.rb:256:in `each'  \n/usr/local/rvm/rubies/ruby-2.1.0/lib/ruby/site_ruby/2.1.0/rubygems/installer.rb:256:in `run_pre_install_hooks'  \n/usr/local/rvm/rubies/ruby-2.1.0/lib/ruby/site_ruby/2.1.0/rubygems/installer.rb:217:in `install'  \n/usr/local/rvm/gems/ruby-2.1.0@global/gems/bundler-1.5.0/lib/bundler/source/rubygems.rb:101:in `block in install'  \n/usr/local/rvm/gems/ruby-2.1.0@global/gems/bundler-1.5.0/lib/bundler/rubygems_integration.rb:118:in `preserve_paths'  \n/usr/local/rvm/gems/ruby-2.1.0@global/gems/bundler-1.5.0/lib/bundler/source/rubygems.rb:94:in `install'  \n/usr/local/rvm/gems/ruby-2.1.0@global/gems/bundler-1.5.0/lib/bundler/installer.rb:111:in `block in install_gem_from_spec'  \n/usr/local/rvm/gems/ruby-2.1.0@global/gems/bundler-1.5.0/lib/bundler/rubygems_integration.rb:150:in `with_build_args'  \n/usr/local/rvm/gems/ruby-2.1.0@global/gems/bundler-1.5.0/lib/bundler/installer.rb:110:in `install_gem_from_spec'  \n/usr/local/rvm/gems/ruby-2.1.0@global/gems/bundler-1.5.0/lib/bundler/installer.rb:295:in `block in install_sequentially'  \n/usr/local/rvm/rubies/ruby-2.1.0/lib/ruby/2.1.0/forwardable.rb:183:in `each'  \n/usr/local/rvm/rubies/ruby-2.1.0/lib/ruby/2.1.0/forwardable.rb:183:in `each'  \n/usr/local/rvm/gems/ruby-2.1.0@global/gems/bundler-1.5.0/lib/bundler/installer.rb:294:in `install_sequentially'  \n/usr/local/rvm/gems/ruby-2.1.0@global/gems/bundler-1.5.0/lib/bundler/installer.rb:97:in `run'  \n/usr/local/rvm/gems/ruby-2.1.0@global/gems/bundler-1.5.0/lib/bundler/installer.rb:15:in `install'  \n/usr/local/rvm/gems/ruby-2.1.0@global/gems/bundler-1.5.0/lib/bundler/cli.rb:257:in `install'  \n/usr/local/rvm/gems/ruby-2.1.0@global/gems/bundler-1.5.0/lib/bundler/vendor/thor/command.rb:27:in `run'  \n/usr/local/rvm/gems/ruby-2.1.0@global/gems/bundler-1.5.0/lib/bundler/vendor/thor/invocation.rb:120:in `invoke_command'  \n/usr/local/rvm/gems/ruby-2.1.0@global/gems/bundler-1.5.0/lib/bundler/vendor/thor.rb:363:in `dispatch'  \n/usr/local/rvm/gems/ruby-2.1.0@global/gems/bundler-1.5.0/lib/bundler/vendor/thor/base.rb:438:in `start'  \n/usr/local/rvm/gems/ruby-2.1.0@global/gems/bundler-1.5.0/lib/bundler/cli.rb:10:in `start'  \n/usr/local/rvm/gems/ruby-2.1.0@global/gems/bundler-1.5.0/bin/bundle:22:in `block in <top (required)>'  \n/usr/local/rvm/gems/ruby-2.1.0@global/gems/bundler-1.5.0/lib/bundler/friendly_errors.rb:5:in `with_friendly_errors'  \n/usr/local/rvm/gems/ruby-2.1.0@global/gems/bundler-1.5.0/bin/bundle:22:in `<top (required)>'  \n/usr/local/rvm/gems/ruby-2.1.0@global/bin/bundle:23:in `load'  \n/usr/local/rvm/gems/ruby-2.1.0@global/bin/bundle:23:in `<main>'  \n/usr/local/rvm/gems/ruby-2.1.0@global/bin/ruby_executable_hooks:15:in `eval'  \n/usr/local/rvm/gems/ruby-2.1.0@global/bin/ruby_executable_hooks:15:in `<main>'
I, [2014-03-13T10:03:17.725928 #2701]  INFO -- : 0:  rake (10.1.1) from /usr/local/rvm/rubies/ruby-2.1.0/lib/ruby/gems/2.1.0/specifications/rake-10.1.1.gemspec
I, [2014-03-13T10:03:17.727612 #2701]  INFO -- : 0:  i18n (0.6.9) from /usr/local/rvm/rubies/ruby-2.1.0/lib/ruby/gems/2.1.0/specifications/i18n-0.6.9.gemspec
I, [2014-03-13T10:03:17.728880 #2701]  INFO -- : 0:  minitest (4.7.5) from /usr/local/rvm/rubies/ruby-2.1.0/lib/ruby/gems/2.1.0/specifications/default/minitest-4.7.5.gemspec
I, [2014-03-13T10:03:17.730153 #2701]  INFO -- : 0:  multi_json (1.9.0) from /usr/local/rvm/rubies/ruby-2.1.0/lib/ruby/gems/2.1.0/specifications/multi_json-1.9.0.gemspec
I, [2014-03-13T10:03:17.731141 #2701]  INFO -- : 0:  atomic (1.1.15) from /usr/local/rvm/rubies/ruby-2.1.0/lib/ruby/gems/2.1.0/specifications/atomic-1.1.15.gemspec
I, [2014-03-13T10:03:17.732175 #2701]  INFO -- : 0:  thread_safe (0.2.0) from /usr/local/rvm/rubies/ruby-2.1.0/lib/ruby/gems/2.1.0/specifications/thread_safe-0.2.0.gemspec
I, [2014-03-13T10:03:17.733276 #2701]  INFO -- : 0:  tzinfo (0.3.39) from /usr/local/rvm/rubies/ruby-2.1.0/lib/ruby/gems/2.1.0/specifications/tzinfo-0.3.39.gemspec
I, [2014-03-13T10:03:17.734233 #2701]  INFO -- : 0:  activesupport (4.0.3) from /usr/local/rvm/rubies/ruby-2.1.0/lib/ruby/gems/2.1.0/specifications/activesupport-4.0.3.gemspec
I, [2014-03-13T10:03:17.735355 #2701]  INFO -- : 0:  builder (3.1.4) from /usr/local/rvm/rubies/ruby-2.1.0/lib/ruby/gems/2.1.0/specifications/builder-3.1.4.gemspec
I, [2014-03-13T10:03:17.736395 #2701]  INFO -- : 0:  erubis (2.7.0) from /usr/local/rvm/rubies/ruby-2.1.0/lib/ruby/gems/2.1.0/specifications/erubis-2.7.0.gemspec
I, [2014-03-13T10:03:17.737453 #2701]  INFO -- : 0:  rack (1.5.2) from /usr/local/rvm/rubies/ruby-2.1.0/lib/ruby/gems/2.1.0/specifications/rack-1.5.2.gemspec
I, [2014-03-13T10:03:17.738638 #2701]  INFO -- : 0:  rack-test (0.6.2) from /usr/local/rvm/rubies/ruby-2.1.0/lib/ruby/gems/2.1.0/specifications/rack-test-0.6.2.gemspec
I, [2014-03-13T10:03:17.740293 #2701]  INFO -- : 0:  actionpack (4.0.3) from /usr/local/rvm/rubies/ruby-2.1.0/lib/ruby/gems/2.1.0/specifications/actionpack-4.0.3.gemspec
I, [2014-03-13T10:03:17.741415 #2701]  INFO -- : 0:  mime-types (1.25.1) from /usr/local/rvm/rubies/ruby-2.1.0/lib/ruby/gems/2.1.0/specifications/mime-types-1.25.1.gemspec
I, [2014-03-13T10:03:17.742495 #2701]  INFO -- : 0:  polyglot (0.3.4) from /usr/local/rvm/rubies/ruby-2.1.0/lib/ruby/gems/2.1.0/specifications/polyglot-0.3.4.gemspec
I, [2014-03-13T10:03:17.743602 #2701]  INFO -- : 0:  treetop (1.4.15) from /usr/local/rvm/rubies/ruby-2.1.0/lib/ruby/gems/2.1.0/specifications/treetop-1.4.15.gemspec
I, [2014-03-13T10:03:17.744932 #2701]  INFO -- : 0:  mail (2.5.4) from /usr/local/rvm/rubies/ruby-2.1.0/lib/ruby/gems/2.1.0/specifications/mail-2.5.4.gemspec
I, [2014-03-13T10:03:17.746180 #2701]  INFO -- : 0:  actionmailer (4.0.3) from /usr/local/rvm/rubies/ruby-2.1.0/lib/ruby/gems/2.1.0/specifications/actionmailer-4.0.3.gemspec
I, [2014-03-13T10:03:17.747223 #2701]  INFO -- : 0:  activemodel (4.0.3) from /usr/local/rvm/rubies/ruby-2.1.0/lib/ruby/gems/2.1.0/specifications/activemodel-4.0.3.gemspec
I, [2014-03-13T10:03:17.748278 #2701]  INFO -- : 0:  activerecord-deprecated_finders (1.0.3) from /usr/local/rvm/rubies/ruby-2.1.0/lib/ruby/gems/2.1.0/specifications/activerecord-deprecated_finders-1.0.3.gemspec
I, [2014-03-13T10:03:17.749378 #2701]  INFO -- : 0:  arel (4.0.2) from /usr/local/rvm/rubies/ruby-2.1.0/lib/ruby/gems/2.1.0/specifications/arel-4.0.2.gemspec
I, [2014-03-13T10:03:17.750585 #2701]  INFO -- : 0:  activerecord (4.0.3) from /usr/local/rvm/rubies/ruby-2.1.0/lib/ruby/gems/2.1.0/specifications/activerecord-4.0.3.gemspec
I, [2014-03-13T10:03:20.186604 #2701]  INFO -- : 0:  bson (2.2.1) from /usr/local/rvm/rubies/ruby-2.1.0/lib/ruby/gems/2.1.0/specifications/bson-2.2.1.gemspec
I, [2014-03-13T10:03:22.800131 #2701]  INFO -- : 0:  bson_ext (1.5.1) from /usr/local/rvm/rubies/ruby-2.1.0/lib/ruby/gems/2.1.0/specifications/bson_ext-1.5.1.gemspec
I, [2014-03-13T10:03:22.801434 #2701]  INFO -- : 0:  bundler (1.5.0) from /usr/local/rvm/rubies/ruby-2.1.0/lib/ruby/gems/2.1.0/specifications/bundler-1.5.0.gemspec
I, [2014-03-13T10:03:26.812308 #2701]  INFO -- : 0:  connection_pool (1.2.0) from /usr/local/rvm/rubies/ruby-2.1.0/lib/ruby/gems/2.1.0/specifications/connection_pool-1.2.0.gemspec
I, [2014-03-13T10:03:28.119910 #2701]  INFO -- : 0:  database_cleaner (0.8.0) from /usr/local/rvm/rubies/ruby-2.1.0/lib/ruby/gems/2.1.0/specifications/database_cleaner-0.8.0.gemspec
I, [2014-03-13T10:03:29.568695 #2701]  INFO -- : 0:  diff-lcs (1.2.5) from /usr/local/rvm/rubies/ruby-2.1.0/lib/ruby/gems/2.1.0/specifications/diff-lcs-1.2.5.gemspec
I, [2014-03-13T10:03:31.880762 #2701]  INFO -- : 0:  execjs (2.0.2) from /usr/local/rvm/rubies/ruby-2.1.0/lib/ruby/gems/2.1.0/specifications/execjs-2.0.2.gemspec
I, [2014-03-13T10:03:33.011758 #2701]  INFO -- : 0:  fabrication (2.9.8) from /usr/local/rvm/rubies/ruby-2.1.0/lib/ruby/gems/2.1.0/specifications/fabrication-2.9.8.gemspec
I, [2014-03-13T10:03:33.013054 #2701]  INFO -- : 0:  hike (1.2.3) from /usr/local/rvm/rubies/ruby-2.1.0/lib/ruby/gems/2.1.0/specifications/hike-1.2.3.gemspec
I, [2014-03-13T10:03:34.544151 #2701]  INFO -- : 0:  jbuilder (1.5.3) from /usr/local/rvm/rubies/ruby-2.1.0/lib/ruby/gems/2.1.0/specifications/jbuilder-1.5.3.gemspec
I, [2014-03-13T10:03:34.545480 #2701]  INFO -- : 0:  thor (0.18.1) from /usr/local/rvm/rubies/ruby-2.1.0/lib/ruby/gems/2.1.0/specifications/thor-0.18.1.gemspec
I, [2014-03-13T10:03:34.546407 #2701]  INFO -- : 0:  railties (4.0.3) from /usr/local/rvm/rubies/ruby-2.1.0/lib/ruby/gems/2.1.0/specifications/railties-4.0.3.gemspec
I, [2014-03-13T10:03:36.320264 #2701]  INFO -- : 0:  jquery-rails (3.1.0) from /usr/local/rvm/rubies/ruby-2.1.0/lib/ruby/gems/2.1.0/specifications/jquery-rails-3.1.0.gemspec
E, [2014-03-13T10:03:36.322046 #2701] ERROR -- : Bundler::GemNotFound: Could not find json-1.8.1.gem for installation
/usr/local/rvm/rubies/ruby-2.1.0/lib/ruby/gems/2.1.0/gems/bundler-1.5.0/lib/bundler/source/rubygems.rb:149:in `cached_gem'  \n/usr/local/rvm/rubies/ruby-2.1.0/lib/ruby/gems/2.1.0/gems/bundler-1.5.0/lib/bundler/source/rubygems.rb:84:in `install'  \n/usr/local/rvm/rubies/ruby-2.1.0/lib/ruby/gems/2.1.0/gems/bundler-1.5.0/lib/bundler/installer.rb:111:in `block in install_gem_from_spec'  \n/usr/local/rvm/rubies/ruby-2.1.0/lib/ruby/gems/2.1.0/gems/bundler-1.5.0/lib/bundler/rubygems_integration.rb:150:in `with_build_args'  \n/usr/local/rvm/rubies/ruby-2.1.0/lib/ruby/gems/2.1.0/gems/bundler-1.5.0/lib/bundler/installer.rb:110:in `install_gem_from_spec'  \n/usr/local/rvm/rubies/ruby-2.1.0/lib/ruby/gems/2.1.0/gems/bundler-1.5.0/lib/bundler/installer.rb:295:in `block in install_sequentially'  \n/usr/local/rvm/rubies/ruby-2.1.0/lib/ruby/2.1.0/forwardable.rb:183:in `each'  \n/usr/local/rvm/rubies/ruby-2.1.0/lib/ruby/2.1.0/forwardable.rb:183:in `each'  \n/usr/local/rvm/rubies/ruby-2.1.0/lib/ruby/gems/2.1.0/gems/bundler-1.5.0/lib/bundler/installer.rb:294:in `install_sequentially'  \n/usr/local/rvm/rubies/ruby-2.1.0/lib/ruby/gems/2.1.0/gems/bundler-1.5.0/lib/bundler/installer.rb:97:in `run'  \n/usr/local/rvm/rubies/ruby-2.1.0/lib/ruby/gems/2.1.0/gems/bundler-1.5.0/lib/bundler/installer.rb:15:in `install'  \n/usr/local/rvm/rubies/ruby-2.1.0/lib/ruby/gems/2.1.0/gems/bundler-1.5.0/lib/bundler/cli.rb:257:in `install'  \n/usr/local/rvm/rubies/ruby-2.1.0/lib/ruby/gems/2.1.0/gems/bundler-1.5.0/lib/bundler/vendor/thor/command.rb:27:in `run'  \n/usr/local/rvm/rubies/ruby-2.1.0/lib/ruby/gems/2.1.0/gems/bundler-1.5.0/lib/bundler/vendor/thor/invocation.rb:120:in `invoke_command'  \n/usr/local/rvm/rubies/ruby-2.1.0/lib/ruby/gems/2.1.0/gems/bundler-1.5.0/lib/bundler/vendor/thor.rb:363:in `dispatch'  \n/usr/local/rvm/rubies/ruby-2.1.0/lib/ruby/gems/2.1.0/gems/bundler-1.5.0/lib/bundler/vendor/thor/base.rb:438:in `start'  \n/usr/local/rvm/rubies/ruby-2.1.0/lib/ruby/gems/2.1.0/gems/bundler-1.5.0/lib/bundler/cli.rb:10:in `start'  \n/usr/local/rvm/rubies/ruby-2.1.0/lib/ruby/gems/2.1.0/gems/bundler-1.5.0/bin/bundle:22:in `block in <top (required)>'  \n/usr/local/rvm/rubies/ruby-2.1.0/lib/ruby/gems/2.1.0/gems/bundler-1.5.0/lib/bundler/friendly_errors.rb:5:in `with_friendly_errors'  \n/usr/local/rvm/rubies/ruby-2.1.0/lib/ruby/gems/2.1.0/gems/bundler-1.5.0/bin/bundle:22:in `<top (required)>'  \n/usr/local/rvm/gems/ruby-2.1.0@global/bin/bundle:23:in `load'  \n/usr/local/rvm/gems/ruby-2.1.0@global/bin/bundle:23:in `<main>'  \n/usr/local/rvm/gems/ruby-2.1.0@global/bin/ruby_executable_hooks:15:in `eval'  \n/usr/local/rvm/gems/ruby-2.1.0@global/bin/ruby_executable_hooks:15:in `<main>'
I, [2014-03-13T10:04:38.205201 #2837]  INFO -- : 0:  rake (10.1.1) from /usr/local/rvm/rubies/ruby-2.1.0/lib/ruby/gems/2.1.0/specifications/rake-10.1.1.gemspec
I, [2014-03-13T10:04:38.206343 #2837]  INFO -- : 0:  i18n (0.6.9) from /usr/local/rvm/rubies/ruby-2.1.0/lib/ruby/gems/2.1.0/specifications/i18n-0.6.9.gemspec
I, [2014-03-13T10:04:38.207226 #2837]  INFO -- : 0:  minitest (4.7.5) from /usr/local/rvm/rubies/ruby-2.1.0/lib/ruby/gems/2.1.0/specifications/default/minitest-4.7.5.gemspec
I, [2014-03-13T10:04:38.208242 #2837]  INFO -- : 0:  multi_json (1.9.0) from /usr/local/rvm/rubies/ruby-2.1.0/lib/ruby/gems/2.1.0/specifications/multi_json-1.9.0.gemspec
I, [2014-03-13T10:04:38.209115 #2837]  INFO -- : 0:  atomic (1.1.15) from /usr/local/rvm/rubies/ruby-2.1.0/lib/ruby/gems/2.1.0/specifications/atomic-1.1.15.gemspec
I, [2014-03-13T10:04:38.209972 #2837]  INFO -- : 0:  thread_safe (0.2.0) from /usr/local/rvm/rubies/ruby-2.1.0/lib/ruby/gems/2.1.0/specifications/thread_safe-0.2.0.gemspec
I, [2014-03-13T10:04:38.210624 #2837]  INFO -- : 0:  tzinfo (0.3.39) from /usr/local/rvm/rubies/ruby-2.1.0/lib/ruby/gems/2.1.0/specifications/tzinfo-0.3.39.gemspec
I, [2014-03-13T10:04:38.211533 #2837]  INFO -- : 0:  activesupport (4.0.3) from /usr/local/rvm/rubies/ruby-2.1.0/lib/ruby/gems/2.1.0/specifications/activesupport-4.0.3.gemspec
I, [2014-03-13T10:04:38.212496 #2837]  INFO -- : 0:  builder (3.1.4) from /usr/local/rvm/rubies/ruby-2.1.0/lib/ruby/gems/2.1.0/specifications/builder-3.1.4.gemspec
I, [2014-03-13T10:04:38.213414 #2837]  INFO -- : 0:  erubis (2.7.0) from /usr/local/rvm/rubies/ruby-2.1.0/lib/ruby/gems/2.1.0/specifications/erubis-2.7.0.gemspec
I, [2014-03-13T10:04:38.214328 #2837]  INFO -- : 0:  rack (1.5.2) from /usr/local/rvm/rubies/ruby-2.1.0/lib/ruby/gems/2.1.0/specifications/rack-1.5.2.gemspec
I, [2014-03-13T10:04:38.215225 #2837]  INFO -- : 0:  rack-test (0.6.2) from /usr/local/rvm/rubies/ruby-2.1.0/lib/ruby/gems/2.1.0/specifications/rack-test-0.6.2.gemspec
I, [2014-03-13T10:04:38.216823 #2837]  INFO -- : 0:  actionpack (4.0.3) from /usr/local/rvm/rubies/ruby-2.1.0/lib/ruby/gems/2.1.0/specifications/actionpack-4.0.3.gemspec
I, [2014-03-13T10:04:38.217764 #2837]  INFO -- : 0:  mime-types (1.25.1) from /usr/local/rvm/rubies/ruby-2.1.0/lib/ruby/gems/2.1.0/specifications/mime-types-1.25.1.gemspec
I, [2014-03-13T10:04:38.218674 #2837]  INFO -- : 0:  polyglot (0.3.4) from /usr/local/rvm/rubies/ruby-2.1.0/lib/ruby/gems/2.1.0/specifications/polyglot-0.3.4.gemspec
I, [2014-03-13T10:04:38.219617 #2837]  INFO -- : 0:  treetop (1.4.15) from /usr/local/rvm/rubies/ruby-2.1.0/lib/ruby/gems/2.1.0/specifications/treetop-1.4.15.gemspec
I, [2014-03-13T10:04:38.220603 #2837]  INFO -- : 0:  mail (2.5.4) from /usr/local/rvm/rubies/ruby-2.1.0/lib/ruby/gems/2.1.0/specifications/mail-2.5.4.gemspec
I, [2014-03-13T10:04:38.221466 #2837]  INFO -- : 0:  actionmailer (4.0.3) from /usr/local/rvm/rubies/ruby-2.1.0/lib/ruby/gems/2.1.0/specifications/actionmailer-4.0.3.gemspec
I, [2014-03-13T10:04:38.222381 #2837]  INFO -- : 0:  activemodel (4.0.3) from /usr/local/rvm/rubies/ruby-2.1.0/lib/ruby/gems/2.1.0/specifications/activemodel-4.0.3.gemspec
I, [2014-03-13T10:04:38.223323 #2837]  INFO -- : 0:  activerecord-deprecated_finders (1.0.3) from /usr/local/rvm/rubies/ruby-2.1.0/lib/ruby/gems/2.1.0/specifications/activerecord-deprecated_finders-1.0.3.gemspec
I, [2014-03-13T10:04:38.224236 #2837]  INFO -- : 0:  arel (4.0.2) from /usr/local/rvm/rubies/ruby-2.1.0/lib/ruby/gems/2.1.0/specifications/arel-4.0.2.gemspec
I, [2014-03-13T10:04:38.225178 #2837]  INFO -- : 0:  activerecord (4.0.3) from /usr/local/rvm/rubies/ruby-2.1.0/lib/ruby/gems/2.1.0/specifications/activerecord-4.0.3.gemspec
I, [2014-03-13T10:04:38.226633 #2837]  INFO -- : 0:  bson (2.2.1) from /usr/local/rvm/rubies/ruby-2.1.0/lib/ruby/gems/2.1.0/specifications/bson-2.2.1.gemspec
I, [2014-03-13T10:04:38.228042 #2837]  INFO -- : 0:  bson_ext (1.5.1) from /usr/local/rvm/rubies/ruby-2.1.0/lib/ruby/gems/2.1.0/specifications/bson_ext-1.5.1.gemspec
I, [2014-03-13T10:04:38.229365 #2837]  INFO -- : 0:  bundler (1.5.0) from /usr/local/rvm/rubies/ruby-2.1.0/lib/ruby/gems/2.1.0/specifications/bundler-1.5.0.gemspec
I, [2014-03-13T10:04:38.230573 #2837]  INFO -- : 0:  connection_pool (1.2.0) from /usr/local/rvm/rubies/ruby-2.1.0/lib/ruby/gems/2.1.0/specifications/connection_pool-1.2.0.gemspec
I, [2014-03-13T10:04:38.231542 #2837]  INFO -- : 0:  database_cleaner (0.8.0) from /usr/local/rvm/rubies/ruby-2.1.0/lib/ruby/gems/2.1.0/specifications/database_cleaner-0.8.0.gemspec
I, [2014-03-13T10:04:38.232571 #2837]  INFO -- : 0:  diff-lcs (1.2.5) from /usr/local/rvm/rubies/ruby-2.1.0/lib/ruby/gems/2.1.0/specifications/diff-lcs-1.2.5.gemspec
I, [2014-03-13T10:04:38.233598 #2837]  INFO -- : 0:  execjs (2.0.2) from /usr/local/rvm/rubies/ruby-2.1.0/lib/ruby/gems/2.1.0/specifications/execjs-2.0.2.gemspec
I, [2014-03-13T10:04:38.234529 #2837]  INFO -- : 0:  fabrication (2.9.8) from /usr/local/rvm/rubies/ruby-2.1.0/lib/ruby/gems/2.1.0/specifications/fabrication-2.9.8.gemspec
I, [2014-03-13T10:04:38.235332 #2837]  INFO -- : 0:  hike (1.2.3) from /usr/local/rvm/rubies/ruby-2.1.0/lib/ruby/gems/2.1.0/specifications/hike-1.2.3.gemspec
I, [2014-03-13T10:04:38.236297 #2837]  INFO -- : 0:  jbuilder (1.5.3) from /usr/local/rvm/rubies/ruby-2.1.0/lib/ruby/gems/2.1.0/specifications/jbuilder-1.5.3.gemspec
I, [2014-03-13T10:04:38.237235 #2837]  INFO -- : 0:  thor (0.18.1) from /usr/local/rvm/rubies/ruby-2.1.0/lib/ruby/gems/2.1.0/specifications/thor-0.18.1.gemspec
I, [2014-03-13T10:04:38.238116 #2837]  INFO -- : 0:  railties (4.0.3) from /usr/local/rvm/rubies/ruby-2.1.0/lib/ruby/gems/2.1.0/specifications/railties-4.0.3.gemspec
I, [2014-03-13T10:04:38.238978 #2837]  INFO -- : 0:  jquery-rails (3.1.0) from /usr/local/rvm/rubies/ruby-2.1.0/lib/ruby/gems/2.1.0/specifications/jquery-rails-3.1.0.gemspec
I, [2014-03-13T10:04:38.239827 #2837]  INFO -- : 0:  json (1.8.1) from /usr/local/rvm/rubies/ruby-2.1.0/lib/ruby/gems/2.1.0/specifications/default/json-1.8.1.gemspec
I, [2014-03-13T10:09:19.857581 #2837]  INFO -- : 0:  libv8 (3.16.14.3) from /usr/local/rvm/rubies/ruby-2.1.0/lib/ruby/gems/2.1.0/specifications/libv8-3.16.14.3.gemspec
I, [2014-03-13T10:09:20.951013 #2837]  INFO -- : 0:  optionable (0.2.0) from /usr/local/rvm/rubies/ruby-2.1.0/lib/ruby/gems/2.1.0/specifications/optionable-0.2.0.gemspec
I, [2014-03-13T10:09:22.203859 #2837]  INFO -- : 0:  moped (2.0.0.beta6) from /usr/local/rvm/rubies/ruby-2.1.0/lib/ruby/gems/2.1.0/specifications/moped-2.0.0.beta6.gemspec
I, [2014-03-13T10:09:23.425803 #2837]  INFO -- : 0:  origin (2.1.0) from /usr/local/rvm/rubies/ruby-2.1.0/lib/ruby/gems/2.1.0/specifications/origin-2.1.0.gemspec
I, [2014-03-13T10:09:25.806869 #2837]  INFO -- : 0:  mongoid (4.0.0.beta1) from /usr/local/rvm/rubies/ruby-2.1.0/lib/ruby/gems/2.1.0/specifications/mongoid-4.0.0.beta1.gemspec
I, [2014-03-13T10:09:34.416706 #2837]  INFO -- : 0:  pg (0.17.1) from /usr/local/rvm/rubies/ruby-2.1.0/lib/ruby/gems/2.1.0/specifications/pg-0.17.1.gemspec
I, [2014-03-13T10:09:34.417946 #2837]  INFO -- : 0:  tilt (1.4.1) from /usr/local/rvm/rubies/ruby-2.1.0/lib/ruby/gems/2.1.0/specifications/tilt-1.4.1.gemspec
I, [2014-03-13T10:09:34.418992 #2837]  INFO -- : 0:  sprockets (2.11.0) from /usr/local/rvm/rubies/ruby-2.1.0/lib/ruby/gems/2.1.0/specifications/sprockets-2.11.0.gemspec
I, [2014-03-13T10:09:34.419906 #2837]  INFO -- : 0:  sprockets-rails (2.0.1) from /usr/local/rvm/rubies/ruby-2.1.0/lib/ruby/gems/2.1.0/specifications/sprockets-rails-2.0.1.gemspec
I, [2014-03-13T10:09:34.420839 #2837]  INFO -- : 0:  rails (4.0.3) from /usr/local/rvm/rubies/ruby-2.1.0/lib/ruby/gems/2.1.0/specifications/rails-4.0.3.gemspec
I, [2014-03-13T10:09:36.699170 #2837]  INFO -- : 0:  rdoc (4.1.1) from /usr/local/rvm/rubies/ruby-2.1.0/lib/ruby/gems/2.1.0/specifications/rdoc-4.1.1.gemspec
I, [2014-03-13T10:09:37.829349 #2837]  INFO -- : 0:  ref (1.0.5) from /usr/local/rvm/rubies/ruby-2.1.0/lib/ruby/gems/2.1.0/specifications/ref-1.0.5.gemspec
I, [2014-03-13T10:09:39.416680 #2837]  INFO -- : 0:  rspec-core (2.14.8) from /usr/local/rvm/rubies/ruby-2.1.0/lib/ruby/gems/2.1.0/specifications/rspec-core-2.14.8.gemspec
I, [2014-03-13T10:09:40.783388 #2837]  INFO -- : 0:  rspec-expectations (2.14.5) from /usr/local/rvm/rubies/ruby-2.1.0/lib/ruby/gems/2.1.0/specifications/rspec-expectations-2.14.5.gemspec
I, [2014-03-13T10:09:42.097173 #2837]  INFO -- : 0:  rspec-mocks (2.14.6) from /usr/local/rvm/rubies/ruby-2.1.0/lib/ruby/gems/2.1.0/specifications/rspec-mocks-2.14.6.gemspec
I, [2014-03-13T10:09:43.475414 #2837]  INFO -- : 0:  rspec-rails (2.14.1) from /usr/local/rvm/rubies/ruby-2.1.0/lib/ruby/gems/2.1.0/specifications/rspec-rails-2.14.1.gemspec
I, [2014-03-13T10:09:45.120002 #2837]  INFO -- : 0:  sass (3.3.2) from /usr/local/rvm/rubies/ruby-2.1.0/lib/ruby/gems/2.1.0/specifications/sass-3.3.2.gemspec
I, [2014-03-13T10:09:46.493000 #2837]  INFO -- : 0:  sass-rails (4.0.1) from /usr/local/rvm/rubies/ruby-2.1.0/lib/ruby/gems/2.1.0/specifications/sass-rails-4.0.1.gemspec
I, [2014-03-13T10:09:48.076299 #2837]  INFO -- : 0:  sdoc (0.4.0) from /usr/local/rvm/rubies/ruby-2.1.0/lib/ruby/gems/2.1.0/specifications/sdoc-0.4.0.gemspec
I, [2014-03-13T10:09:49.239587 #2837]  INFO -- : 0:  spork (1.0.0rc4) from /usr/local/rvm/rubies/ruby-2.1.0/lib/ruby/gems/2.1.0/specifications/spork-1.0.0rc4.gemspec
I, [2014-03-13T10:09:50.347952 #2837]  INFO -- : 0:  spork-rails (4.0.0) from /usr/local/rvm/rubies/ruby-2.1.0/lib/ruby/gems/2.1.0/specifications/spork-rails-4.0.0.gemspec
I, [2014-03-13T10:10:02.012947 #2837]  INFO -- : 0:  therubyracer (0.12.1) from /usr/local/rvm/rubies/ruby-2.1.0/lib/ruby/gems/2.1.0/specifications/therubyracer-0.12.1.gemspec
I, [2014-03-13T10:10:03.376274 #2837]  INFO -- : 0:  uglifier (2.4.0) from /usr/local/rvm/rubies/ruby-2.1.0/lib/ruby/gems/2.1.0/specifications/uglifier-2.4.0.gemspec
